<?xml version="1.0" encoding="UTF-8"?>
<!-- Generated by org.testng.reporters.JUnitReportReporter -->
<testsuite hostname="CO-FVFFM1CSQ05N" failures="0" tests="1" name="test.TestNG_Demo" time="6.147" errors="0" timestamp="2023-01-07T22:57:32 IST" skipped="0">
  <testcase classname="test.TestNG_Demo" name="googleSearch" time="6.147"/>
  <system-out/>
</testsuite> <!-- test.TestNG_Demo -->
